\BOOKMARK [1][-]{section.0.1}{La\040phrase\040simple}{}% 1
\BOOKMARK [2][-]{subsection.0.1.1}{La\040notion\040de\040phrase}{section.0.1}% 2
\BOOKMARK [2][-]{subsection.0.1.2}{Types de phrases et types d'énoncés}{section.0.1}% 3
\BOOKMARK [3][-]{subsubsection.0.1.2.1}{Typologie des phrases à l'interface syntaxe – pragmatique}{subsection.0.1.2}% 4
\BOOKMARK [4][-]{paragraph.0.1.2.1.1}{Syntaxe\040:\040les\040types\040phrastiques}{subsubsection.0.1.2.1}% 5
\BOOKMARK [4][-]{paragraph.0.1.2.1.2}{Pragmatique\040:\040les\040actes\040illocutoires}{subsubsection.0.1.2.1}% 6
\BOOKMARK [3][-]{subsubsection.0.1.2.2}{La sémantique : les types de contenu}{subsection.0.1.2}% 7
\BOOKMARK [3][-]{subsubsection.0.1.2.3}{Propriétés illocutoires des types phrastiques}{subsection.0.1.2}% 8
\BOOKMARK [2][-]{subsection.0.1.3}{Syntaxe\040de\040la\040phrase\040simple\040en\040roumain}{section.0.1}% 9
\BOOKMARK [3][-]{subsubsection.0.1.3.1}{Le\040complexe\040verbal\040en\040roumain}{subsection.0.1.3}% 10
\BOOKMARK [4][-]{paragraph.0.1.3.1.1}{Les formes verbales composées}{subsubsection.0.1.3.1}% 11
\BOOKMARK [4][-]{paragraph.0.1.3.1.2}{Affixes\040du\040complexe\040verbal}{subsubsection.0.1.3.1}% 12
\BOOKMARK [3][-]{subsubsection.0.1.3.2}{Sujets non-réalisés}{subsection.0.1.3}% 13
\BOOKMARK [3][-]{subsubsection.0.1.3.3}{Distribution\040du\040sujet}{subsection.0.1.3}% 14
\BOOKMARK [3][-]{subsubsection.0.1.3.4}{Ordre\040des\040mots}{subsection.0.1.3}% 15
\BOOKMARK [3][-]{subsubsection.0.1.3.5}{Vers\040une\040structure\040plate}{subsection.0.1.3}% 16
\BOOKMARK [2][-]{subsection.0.1.4}{Formalisation\040HPSG}{section.0.1}% 17
\BOOKMARK [3][-]{subsubsection.0.1.4.1}{Propriétés générales du modèle HPSG}{subsection.0.1.4}% 18
\BOOKMARK [3][-]{subsubsection.0.1.4.2}{Architecture générale de la phrase dans le modèle HPSG}{subsection.0.1.4}% 19
\BOOKMARK [1][-]{section.0.2}{Les phrases liées}{}% 20
\BOOKMARK [2][-]{subsection.0.2.1}{Typologie des phrases liées}{section.0.2}% 21
\BOOKMARK [2][-]{subsection.0.2.2}{Approches\040de\040la\040coordination\040et\040de\040la\040subordination}{section.0.2}% 22
\BOOKMARK [3][-]{subsubsection.0.2.2.1}{Une\040approche\040en\040termes\040de\040continuum}{subsection.0.2.2}% 23
\BOOKMARK [3][-]{subsubsection.0.2.2.2}{Une approche en termes de système binaire}{subsection.0.2.2}% 24
\BOOKMARK [2][-]{subsection.0.2.3}{Identification des phrases liées}{section.0.2}% 25
\BOOKMARK [3][-]{subsubsection.0.2.3.1}{Tests\040diagnostics\040des\040introducteurs}{subsection.0.2.3}% 26
\BOOKMARK [3][-]{subsubsection.0.2.3.2}{Tests\040diagnostics\040de\040la\040coordination\040et\040la\040subordination}{subsection.0.2.3}% 27
\BOOKMARK [2][-]{subsection.0.2.4}{Le parallélisme dans la coordination}{section.0.2}% 28
\BOOKMARK [3][-]{subsubsection.0.2.4.1}{Degré d'identité au niveau morpho-syntaxique}{subsection.0.2.4}% 29
\BOOKMARK [3][-]{subsubsection.0.2.4.2}{Degré d'identité au niveau sémantico-discursif}{subsection.0.2.4}% 30
\BOOKMARK [3][-]{subsubsection.0.2.4.3}{Synthèse}{subsection.0.2.4}% 31
\BOOKMARK [2][-]{subsection.0.2.5}{Coordination des subordonnées}{section.0.2}% 32
\BOOKMARK [2][-]{subsection.0.2.6}{Les phrases liées et la juxtaposition}{section.0.2}% 33
\BOOKMARK [3][-]{subsubsection.0.2.6.1}{Juxtapositions symétriques}{subsection.0.2.6}% 34
\BOOKMARK [3][-]{subsubsection.0.2.6.2}{Juxtapositions asymétriques}{subsection.0.2.6}% 35
\BOOKMARK [2][-]{subsection.0.2.7}{Les phrases liées et les éléments corrélatifs}{section.0.2}% 36
\BOOKMARK [3][-]{subsubsection.0.2.7.1}{Les corrélatifs dans la coordination}{subsection.0.2.7}% 37
\BOOKMARK [3][-]{subsubsection.0.2.7.2}{Les corrélatifs dans la subordination}{subsection.0.2.7}% 38
\BOOKMARK [2][-]{subsection.0.2.8}{Les phrases liées et l'incidence}{section.0.2}% 39
\BOOKMARK [3][-]{subsubsection.0.2.8.1}{La\040notion\040d'incident}{subsection.0.2.8}% 40
\BOOKMARK [3][-]{subsubsection.0.2.8.2}{Typologie\040des\040incidents\040phrastiques}{subsection.0.2.8}% 41
\BOOKMARK [4][-]{paragraph.0.2.8.2.1}{Les\040incidents\040sans\040introducteur}{subsubsection.0.2.8.2}% 42
\BOOKMARK [4][-]{paragraph.0.2.8.2.2}{Les\040incidents\040introduits\040par\040un\040subordonnant}{subsubsection.0.2.8.2}% 43
\BOOKMARK [4][-]{paragraph.0.2.8.2.3}{Les\040incidents\040introduits\040par\040une\040conjonction}{subsubsection.0.2.8.2}% 44
\BOOKMARK [3][-]{subsubsection.0.2.8.3}{L'incidence\040et\040d'autres\040facteurs\040linguistiques}{subsection.0.2.8}% 45
\BOOKMARK [2][-]{subsection.0.2.9}{La coordination symétrique avec iar `et' en roumain}{section.0.2}% 46
\BOOKMARK [3][-]{subsubsection.0.2.9.1}{Présentation générale}{subsection.0.2.9}% 47
\BOOKMARK [3][-]{subsubsection.0.2.9.2}{La sémantique de iar}{subsection.0.2.9}% 48
\BOOKMARK [3][-]{subsubsection.0.2.9.3}{La\040structure\040informationnelle\040de\040iar}{subsection.0.2.9}% 49
\BOOKMARK [3][-]{subsubsection.0.2.9.4}{La\040syntaxe\040de\040iar}{subsection.0.2.9}% 50
\BOOKMARK [3][-]{subsubsection.0.2.9.5}{Formalisation sémantique des conjonctions}{subsection.0.2.9}% 51
\BOOKMARK [2][-]{subsection.0.2.10}{La\040structure\040interne\040des\040coordinations}{section.0.2}% 52
\BOOKMARK [3][-]{subsubsection.0.2.10.1}{Une structure hiérarchique de la coordination}{subsection.0.2.10}% 53
\BOOKMARK [3][-]{subsubsection.0.2.10.2}{Une\040analyse\040endocentrique\040du\040syntagme\040conjoint\040[Conj\040X]}{subsection.0.2.10}% 54
\BOOKMARK [3][-]{subsubsection.0.2.10.3}{Une\040analyse\040exocentrique\040de\040la\040coordination\040dans\040son\040ensemble}{subsection.0.2.10}% 55
\BOOKMARK [2][-]{subsection.0.2.11}{Conclusion}{section.0.2}% 56
\BOOKMARK [1][-]{section.0.3}{Les\040phrases\040elliptiques}{}% 57
\BOOKMARK [2][-]{subsection.0.3.1}{La notion générale d'ellipse}{section.0.3}% 58
\BOOKMARK [2][-]{subsection.0.3.2}{La phrase et la notion de tête}{section.0.3}% 59
\BOOKMARK [3][-]{subsubsection.0.3.2.1}{Phrases\040verbales\040non-finies}{subsection.0.3.2}% 60
\BOOKMARK [3][-]{subsubsection.0.3.2.2}{Phrases\040averbales}{subsection.0.3.2}% 61
\BOOKMARK [3][-]{subsubsection.0.3.2.3}{Phrases\040elliptiques\040\(et\040fragmentaires\)}{subsection.0.3.2}% 62
\BOOKMARK [2][-]{subsection.0.3.3}{Typologie\040des\040phrases\040elliptiques}{section.0.3}% 63
\BOOKMARK [3][-]{subsubsection.0.3.3.1}{Nature du matériel manquant}{subsection.0.3.3}% 64
\BOOKMARK [3][-]{subsubsection.0.3.3.2}{Contextes\040syntaxiques}{subsection.0.3.3}% 65
\BOOKMARK [3][-]{subsubsection.0.3.3.3}{Directionnalité }{subsection.0.3.3}% 66
\BOOKMARK [3][-]{subsubsection.0.3.3.4}{L'ellipse\040dans\040une\040approche\040typologique}{subsection.0.3.3}% 67
\BOOKMARK [4][-]{paragraph.0.3.3.4.1}{Disponibilité des formes}{subsubsection.0.3.3.4}% 68
\BOOKMARK [4][-]{paragraph.0.3.3.4.2}{Problèmes d'identification}{subsubsection.0.3.3.4}% 69
\BOOKMARK [4][-]{paragraph.0.3.3.4.3}{Arguments pour la présence d'une structure}{subsubsection.0.3.3.4}% 70
\BOOKMARK [4][-]{paragraph.0.3.3.4.4}{Sous-types\040d'approches\040structurales}{subsubsection.0.3.3.4}% 71
\BOOKMARK [4][-]{paragraph.0.3.3.4.5}{Arguments\040pour\040l'absence\040d'une\040structure\040syntaxique}{subsubsection.0.3.3.4}% 72
\BOOKMARK [4][-]{paragraph.0.3.3.4.6}{Sous-types\040d'approches\040non-structurales}{subsubsection.0.3.3.4}% 73
\BOOKMARK [3][-]{subsubsection.0.3.3.5}{Quel type d'identité ?}{subsection.0.3.3}% 74
\BOOKMARK [4][-]{paragraph.0.3.3.5.1}{Identité sémantique}{subsubsection.0.3.3.5}% 75
\BOOKMARK [4][-]{paragraph.0.3.3.5.2}{Identité syntaxique}{subsubsection.0.3.3.5}% 76
\BOOKMARK [2][-]{subsection.0.3.4}{Conclusion}{section.0.3}% 77
\BOOKMARK [1][-]{section.0.4}{Les\040conjoints\040fragmentaires\040:\040le\040gapping}{}% 78
\BOOKMARK [2][-]{subsection.0.4.1}{Introduction}{section.0.4}% 79
\BOOKMARK [2][-]{subsection.0.4.2}{Le gapping et l'ordre des mots à travers les langues}{section.0.4}% 80
\BOOKMARK [3][-]{subsubsection.0.4.2.1}{Directionnalité du gapping}{subsection.0.4.2}% 81
\BOOKMARK [3][-]{subsubsection.0.4.2.2}{Identification\040du\040gapping}{subsection.0.4.2}% 82
\BOOKMARK [2][-]{subsection.0.4.3}{Propriétés du gapping}{section.0.4}% 83
\BOOKMARK [3][-]{paragraph.0.4.3.0.1}{Degré d'identité entre le trou et son antécédent}{subsection.0.4.3}% 84
\BOOKMARK [4][-]{paragraph.0.4.3.0.2}{Relations\040discursives}{paragraph.0.4.3.0.1}% 85
\BOOKMARK [4][-]{paragraph.0.4.3.0.3}{Structure\040informationnelle}{paragraph.0.4.3.0.1}% 86
\BOOKMARK [2][-]{subsection.0.4.4}{Les analyses proposées et leurs limites}{section.0.4}% 87
\BOOKMARK [3][-]{subsubsection.0.4.4.1}{Taille de la séquence trouée}{subsection.0.4.4}% 88
\BOOKMARK [4][-]{paragraph.0.4.4.1.1}{Coordination\040au\040niveau\040de\040la\040phrase}{subsubsection.0.4.4.1}% 89
\BOOKMARK [4][-]{paragraph.0.4.4.1.2}{Coordination\040sous-phrastique}{subsubsection.0.4.4.1}% 90
\BOOKMARK [3][-]{subsubsection.0.4.4.2}{Nature du matériel manquant}{subsection.0.4.4}% 91
\BOOKMARK [4][-]{paragraph.0.4.4.2.1}{Effacement\040au\040niveau\040PF}{subsubsection.0.4.4.2}% 92
\BOOKMARK [4][-]{paragraph.0.4.4.2.2}{Reconstruction\040au\040niveau\040LF}{subsubsection.0.4.4.2}% 93
\BOOKMARK [4][-]{paragraph.0.4.4.2.3}{Mouvement \(parallèle ou latéral\) du verbe}{subsubsection.0.4.4.2}% 94
\BOOKMARK [3][-]{subsubsection.0.4.4.3}{Limites\040des\040analyses\040structurales}{subsection.0.4.4}% 95
\BOOKMARK [4][-]{paragraph.0.4.4.3.1}{Problème de l'extraction des éléments résiduels}{subsubsection.0.4.4.3}% 96
\BOOKMARK [4][-]{paragraph.0.4.4.3.2}{Problèmes de l'extraction du matériel manquant}{subsubsection.0.4.4.3}% 97
\BOOKMARK [4][-]{paragraph.0.4.4.3.3}{Problèmes de l'effacement}{subsubsection.0.4.4.3}% 98
\BOOKMARK [3][-]{subsubsection.0.4.4.4}{Analyses\040alternatives\040:\040une\040approche\040non-structurale}{subsection.0.4.4}% 99
\BOOKMARK [2][-]{subsection.0.4.5}{Une\040analyse\040constructionnelle\040en\040HPSG}{section.0.4}% 100
\BOOKMARK [3][-]{subsubsection.0.4.5.1}{Formalisation des constructions à gapping}{subsection.0.4.5}% 101
\BOOKMARK [4][-]{paragraph.0.4.5.1.1}{Une théorie des clusters}{subsubsection.0.4.5.1}% 102
\BOOKMARK [4][-]{paragraph.0.4.5.1.2}{Une théorie des fragments}{subsubsection.0.4.5.1}% 103
\BOOKMARK [4][-]{paragraph.0.4.5.1.3}{La construction à gapping}{subsubsection.0.4.5.1}% 104
\BOOKMARK [2][-]{subsection.0.4.6}{L'ellipse périphérique gauche : gapping ou coordination de séquences ?}{section.0.4}% 105
\BOOKMARK [2][-]{subsection.0.4.7}{Conclusion}{section.0.4}% 106
\BOOKMARK [1][-]{section.0.5}{Les subordonnées fragmentaires : les ajouts relatifs averbaux}{}% 107
\BOOKMARK [2][-]{subsection.0.5.1}{Qu'est-ce\040qu'un\040ajout\040relatif\040averbal\040?}{section.0.5}% 108
\BOOKMARK [2][-]{subsection.0.5.2}{Propriétés syntaxiques}{section.0.5}% 109
\BOOKMARK [3][-]{subsubsection.0.5.2.1}{L'introducteur\040du\040VRA}{subsection.0.5.2}% 110
\BOOKMARK [4][-]{paragraph.0.5.2.1.1}{Syntagmes prépositionnels}{subsubsection.0.5.2.1}% 111
\BOOKMARK [4][-]{paragraph.0.5.2.1.2}{La forme dont en français}{subsubsection.0.5.2.1}% 112
\BOOKMARK [3][-]{subsubsection.0.5.2.2}{Le\040corps\040du\040VRA}{subsection.0.5.2}% 113
\BOOKMARK [4][-]{paragraph.0.5.2.2.1}{Un\040seul\040constituant}{subsubsection.0.5.2.2}% 114
\BOOKMARK [4][-]{paragraph.0.5.2.2.2}{Un\040cluster\040de\040constituants}{subsubsection.0.5.2.2}% 115
\BOOKMARK [3][-]{subsubsection.0.5.2.3}{Propriétés de linéarisation}{subsection.0.5.2}% 116
\BOOKMARK [3][-]{subsubsection.0.5.2.4}{Synthèse}{subsection.0.5.2}% 117
\BOOKMARK [2][-]{subsection.0.5.3}{Propriétés sémantiques}{section.0.5}% 118
\BOOKMARK [3][-]{subsubsection.0.5.3.1}{Sémantique non-restrictive}{subsection.0.5.3}% 119
\BOOKMARK [3][-]{subsubsection.0.5.3.2}{Sémantique partitive}{subsection.0.5.3}% 120
\BOOKMARK [4][-]{paragraph.0.5.3.2.1}{Elément distingué et antécédent}{subsubsection.0.5.3.2}% 121
\BOOKMARK [4][-]{paragraph.0.5.3.2.2}{Interprétation exemplifiante et partitionnante}{subsubsection.0.5.3.2}% 122
\BOOKMARK [3][-]{subsubsection.0.5.3.3}{Interprétation d'éventualité}{subsection.0.5.3}% 123
\BOOKMARK [3][-]{subsubsection.0.5.3.4}{Synthèse}{subsection.0.5.3}% 124
\BOOKMARK [2][-]{subsection.0.5.4}{Les\040VRA\040ne\040sont\040pas\040des\040phrases\040relatives\040verbales}{section.0.5}% 125
\BOOKMARK [3][-]{subsubsection.0.5.4.1}{Reconstruction\040syntaxique}{subsection.0.5.4}% 126
\BOOKMARK [3][-]{subsubsection.0.5.4.2}{Différences sémantiques}{subsection.0.5.4}% 127
\BOOKMARK [4][-]{paragraph.0.5.4.2.1}{Contenu \(non-\)parenthétique}{subsubsection.0.5.4.2}% 128
\BOOKMARK [4][-]{paragraph.0.5.4.2.2}{Rôle de l'introducteur}{subsubsection.0.5.4.2}% 129
\BOOKMARK [4][-]{paragraph.0.5.4.2.3}{Sémantique partitive stricte}{subsubsection.0.5.4.2}% 130
\BOOKMARK [2][-]{subsection.0.5.5}{Une\040approche\040constructionnelle\040des\040VRA\040en\040termes\040d'ajouts\040fragmentaires}{section.0.5}% 131
\BOOKMARK [3][-]{subsubsection.0.5.5.1}{Théorie des fragments}{subsection.0.5.5}% 132
\BOOKMARK [3][-]{subsubsection.0.5.5.2}{Théorie des clusters}{subsection.0.5.5}% 133
\BOOKMARK [3][-]{subsubsection.0.5.5.3}{Relations\040fonctionnelles\040dans\040le\040VRA}{subsection.0.5.5}% 134
\BOOKMARK [4][-]{paragraph.0.5.5.3.1}{Le corps du VRA comme tête}{subsubsection.0.5.5.3}% 135
\BOOKMARK [4][-]{paragraph.0.5.5.3.2}{L'introducteur\040du\040VRA\040comme\040foncteur}{subsubsection.0.5.5.3}% 136
\BOOKMARK [3][-]{subsubsection.0.5.5.4}{Théorie de la localité de sélection sémantique}{subsection.0.5.5}% 137
\BOOKMARK [3][-]{subsubsection.0.5.5.5}{Théorie des VRA}{subsection.0.5.5}% 138
\BOOKMARK [2][-]{subsection.0.5.6}{Conclusion}{section.0.5}% 139
